<?xml version="1.0" encoding="UTF-8"?>
<!-- Generated by org.testng.reporters.JUnitReportReporter -->
<testsuite hostname="LAPTOP-8SEKENFG" failures="0" tests="1" name="org.AppiumPractice.zoomInZoomOut" time="452.383" errors="1" timestamp="2022-08-20T10:56:04 IST" skipped="0">
  <testcase classname="org.AppiumPractice.zoomInZoomOut" name="zoomAction" time="452.383">
    <error message="An unknown server-side error occurred while processing the command. Original error: New Command Timeout of 60 seconds expired. Try customizing the timeout using the &#039;newCommandTimeout&#039; desired capability (WARNING: The server did not provide any stacktrace information)
Command duration or timeout: 182.12 seconds
Build info: version: &#039;2.53.1&#039;, revision: &#039;a36b8b1cd5757287168e54b817830adce9b0158d&#039;, time: &#039;2016-06-30 19:26:09&#039;
System info: host: &#039;LAPTOP-8SEKENFG&#039;, ip: &#039;192.168.137.1&#039;, os.name: &#039;Windows 10&#039;, os.arch: &#039;amd64&#039;, os.version: &#039;10.0&#039;, java.version: &#039;16.0.1&#039;
Driver info: io.appium.java_client.android.AndroidDriver
Capabilities [{appPackage=com.davemorrissey.labs.subscaleview.sample, deviceScreenSize=1080x2340, networkConnectionEnabled=true, statBarHeight=80, warnings={}, viewportRect={top=80, left=0, width=1080, height=2051}, databaseEnabled=false, deviceName=48b3c620, platform=LINUX, deviceUDID=48b3c620, appActivity=.MainActivity, desired={appPackage=com.davemorrissey.labs.subscaleview.sample, appActivity=.MainActivity, platformVersion=null, platformName=Android, udid=48b3c620}, platformVersion=10, pixelRatio=2.75, webStorageEnabled=false, locationContextEnabled=false, takesScreenshot=true, javascriptEnabled=true, deviceScreenDensity=440, deviceModel=Redmi Note 7 Pro, platformName=Android, udid=48b3c620, deviceApiLevel=29, deviceManufacturer=Xiaomi}]
Session ID: beb91553-ea9e-4864-a341-056771d178a1" type="org.openqa.selenium.WebDriverException">
      <![CDATA[org.openqa.selenium.WebDriverException: An unknown server-side error occurred while processing the command. Original error: New Command Timeout of 60 seconds expired. Try customizing the timeout using the 'newCommandTimeout' desired capability (WARNING: The server did not provide any stacktrace information)
Command duration or timeout: 182.12 seconds
Build info: version: '2.53.1', revision: 'a36b8b1cd5757287168e54b817830adce9b0158d', time: '2016-06-30 19:26:09'
System info: host: 'LAPTOP-8SEKENFG', ip: '192.168.137.1', os.name: 'Windows 10', os.arch: 'amd64', os.version: '10.0', java.version: '16.0.1'
Driver info: io.appium.java_client.android.AndroidDriver
Capabilities [{appPackage=com.davemorrissey.labs.subscaleview.sample, deviceScreenSize=1080x2340, networkConnectionEnabled=true, statBarHeight=80, warnings={}, viewportRect={top=80, left=0, width=1080, height=2051}, databaseEnabled=false, deviceName=48b3c620, platform=LINUX, deviceUDID=48b3c620, appActivity=.MainActivity, desired={appPackage=com.davemorrissey.labs.subscaleview.sample, appActivity=.MainActivity, platformVersion=null, platformName=Android, udid=48b3c620}, platformVersion=10, pixelRatio=2.75, webStorageEnabled=false, locationContextEnabled=false, takesScreenshot=true, javascriptEnabled=true, deviceScreenDensity=440, deviceModel=Redmi Note 7 Pro, platformName=Android, udid=48b3c620, deviceApiLevel=29, deviceManufacturer=Xiaomi}]
Session ID: beb91553-ea9e-4864-a341-056771d178a1
at java.base/jdk.internal.reflect.NativeConstructorAccessorImpl.newInstance0(Native Method)
at java.base/jdk.internal.reflect.NativeConstructorAccessorImpl.newInstance(NativeConstructorAccessorImpl.java:78)
at java.base/jdk.internal.reflect.DelegatingConstructorAccessorImpl.newInstance(DelegatingConstructorAccessorImpl.java:45)
at java.base/java.lang.reflect.Constructor.newInstanceWithCaller(Constructor.java:499)
at java.base/java.lang.reflect.Constructor.newInstance(Constructor.java:480)
at org.openqa.selenium.remote.ErrorHandler.createThrowable(ErrorHandler.java:206)
at org.openqa.selenium.remote.ErrorHandler.throwIfResponseFailed(ErrorHandler.java:158)
at org.openqa.selenium.remote.RemoteWebDriver.execute(RemoteWebDriver.java:678)
at io.appium.java_client.DefaultGenericMobileDriver.execute(DefaultGenericMobileDriver.java:40)
at io.appium.java_client.AppiumDriver.execute(AppiumDriver.java:1)
at io.appium.java_client.android.AndroidDriver.execute(AndroidDriver.java:1)
at io.appium.java_client.AppiumDriver.performMultiTouchAction(AppiumDriver.java:348)
at io.appium.java_client.MultiTouchAction.perform(MultiTouchAction.java:68)
at io.appium.java_client.AppiumDriver.pinch(AppiumDriver.java:420)
at org.AppiumPractice.zoomInZoomOut.zoomAction(zoomInZoomOut.java:39)
at java.base/jdk.internal.reflect.NativeMethodAccessorImpl.invoke0(Native Method)
at java.base/jdk.internal.reflect.NativeMethodAccessorImpl.invoke(NativeMethodAccessorImpl.java:78)
at java.base/jdk.internal.reflect.DelegatingMethodAccessorImpl.invoke(DelegatingMethodAccessorImpl.java:43)
at java.base/java.lang.reflect.Method.invoke(Method.java:567)
at org.testng.internal.MethodInvocationHelper.invokeMethod(MethodInvocationHelper.java:133)
at org.testng.internal.TestInvoker.invokeMethod(TestInvoker.java:598)
at org.testng.internal.TestInvoker.invokeTestMethod(TestInvoker.java:173)
at org.testng.internal.MethodRunner.runInSequence(MethodRunner.java:46)
at org.testng.internal.TestInvoker$MethodInvocationAgent.invoke(TestInvoker.java:824)
at org.testng.internal.TestInvoker.invokeTestMethods(TestInvoker.java:146)
at org.testng.internal.TestMethodWorker.invokeTestMethods(TestMethodWorker.java:146)
at org.testng.internal.TestMethodWorker.run(TestMethodWorker.java:128)
at java.base/java.util.ArrayList.forEach(ArrayList.java:1511)
at org.testng.TestRunner.privateRun(TestRunner.java:794)
at org.testng.TestRunner.run(TestRunner.java:596)
at org.testng.SuiteRunner.runTest(SuiteRunner.java:377)
at org.testng.SuiteRunner.runSequentially(SuiteRunner.java:371)
at org.testng.SuiteRunner.privateRun(SuiteRunner.java:332)
at org.testng.SuiteRunner.run(SuiteRunner.java:276)
at org.testng.SuiteRunnerWorker.runSuite(SuiteRunnerWorker.java:53)
at org.testng.SuiteRunnerWorker.run(SuiteRunnerWorker.java:96)
at org.testng.TestNG.runSuitesSequentially(TestNG.java:1212)
at org.testng.TestNG.runSuitesLocally(TestNG.java:1134)
at org.testng.TestNG.runSuites(TestNG.java:1063)
at org.testng.TestNG.run(TestNG.java:1031)
at org.testng.remote.AbstractRemoteTestNG.run(AbstractRemoteTestNG.java:115)
at org.testng.remote.RemoteTestNG.initAndRun(RemoteTestNG.java:251)
at org.testng.remote.RemoteTestNG.main(RemoteTestNG.java:77)
]]>
    </error>
  </testcase> <!-- zoomAction -->
  <system-out/>
</testsuite> <!-- org.AppiumPractice.zoomInZoomOut -->
